Copyright 1986-2018 Xilinx, Inc. All Rights Reserved.
----------------------------------------------------------------------------------------
| Tool Version : Vivado v.2018.2 (win64) Build 2258646 Thu Jun 14 20:03:12 MDT 2018
| Date         : Fri Nov  7 19:39:30 2025
| Host         : DESKTOP-LT7QO6N running 64-bit major release  (build 9200)
| Command      : report_control_sets -verbose -file Top_Student_control_sets_placed.rpt
| Design       : Top_Student
| Device       : xc7a35t
----------------------------------------------------------------------------------------

Control Set Information

Table of Contents
-----------------
1. Summary
2. Histogram
3. Flip-Flop Distribution
4. Detailed Control Set Information

1. Summary
----------

+----------------------------------------------------------+-------+
|                          Status                          | Count |
+----------------------------------------------------------+-------+
| Number of unique control sets                            |    73 |
| Unused register locations in slices containing registers |   186 |
+----------------------------------------------------------+-------+


2. Histogram
------------

+--------+--------------+
| Fanout | Control Sets |
+--------+--------------+
|      2 |            1 |
|      4 |            2 |
|      8 |           17 |
|     10 |           22 |
|     12 |            2 |
|     14 |            2 |
|    16+ |           27 |
+--------+--------------+


3. Flip-Flop Distribution
-------------------------

+--------------+-----------------------+------------------------+-----------------+--------------+
| Clock Enable | Synchronous Set/Reset | Asynchronous Set/Reset | Total Registers | Total Slices |
+--------------+-----------------------+------------------------+-----------------+--------------+
| No           | No                    | No                     |             198 |           54 |
| No           | No                    | Yes                    |               2 |            1 |
| No           | Yes                   | No                     |             384 |           64 |
| Yes          | No                    | No                     |            1078 |          230 |
| Yes          | No                    | Yes                    |             108 |           27 |
| Yes          | Yes                   | No                     |              36 |           10 |
+--------------+-----------------------+------------------------+-----------------+--------------+


4. Detailed Control Set Information
-----------------------------------

+--------------------------------------------------------------------------+--------------------------------------------------------------------------------+-----------------------------------------------------------------------------+------------------+----------------+
|                               Clock Signal                               |                                  Enable Signal                                 |                               Set/Reset Signal                              | Slice Load Count | Bel Load Count |
+--------------------------------------------------------------------------+--------------------------------------------------------------------------------+-----------------------------------------------------------------------------+------------------+----------------+
|  clk_1kHz_BUFG                                                           |                                                                                | my_calculator/calc_engine/waiting_operand                                   |                1 |              2 |
|  clk_1kHz_BUFG                                                           |                                                                                | my_calculator/calc_engine/overflow_i_1_n_0                                  |                2 |              4 |
|  basys_clock_IBUF_BUFG                                                   |                                                                                |                                                                             |                2 |              4 |
|  first_display/E[0]                                                      |                                                                                |                                                                             |                3 |              8 |
|  first_display/active_pixel_reg_11[0]                                    |                                                                                |                                                                             |                2 |              8 |
|  clk_6p25MHz_BUFG                                                        | my_calculator/text_selector/input_inst/display_string[39]_i_2_n_0              | my_calculator/text_selector/input_inst/display_string[39]_i_1_n_0           |                3 |              8 |
|  clk_6p25MHz_BUFG                                                        | my_calculator/text_selector/output_inst/converter_inst/digit_mem[1][3]_i_1_n_0 |                                                                             |                2 |              8 |
|  clk_6p25MHz_BUFG                                                        | my_calculator/text_selector/output_inst/converter_inst/digit_mem[7][3]_i_1_n_0 |                                                                             |                2 |              8 |
|  clk_6p25MHz_BUFG                                                        | my_calculator/text_selector/output_inst/converter_inst/digit_mem[6][3]_i_1_n_0 |                                                                             |                2 |              8 |
|  clk_6p25MHz_BUFG                                                        | my_calculator/text_selector/output_inst/converter_inst/digit_mem[5][3]_i_1_n_0 |                                                                             |                1 |              8 |
|  clk_6p25MHz_BUFG                                                        | my_calculator/text_selector/input_inst/display_string[45]_i_2_n_0              | my_calculator/text_selector/input_inst/display_string[45]_i_1_n_0           |                3 |              8 |
|  clk_1kHz_BUFG                                                           | my_calculator/input_builder/event_dispatcher/position                          |                                                                             |                4 |              8 |
|  clk_6p25MHz_BUFG                                                        | my_calculator/text_selector/input_inst/char_index[3]_i_1_n_0                   |                                                                             |                3 |              8 |
|  clk_6p25MHz_BUFG                                                        | my_calculator/text_selector/output_inst/converter_inst/digit_mem[4][3]_i_1_n_0 |                                                                             |                2 |              8 |
|  clk_6p25MHz_BUFG                                                        | my_calculator/text_selector/output_inst/converter_inst/digit_mem[3][3]_i_1_n_0 |                                                                             |                2 |              8 |
|  clk_6p25MHz_BUFG                                                        | my_calculator/text_selector/output_inst/converter_inst/digit_mem[2][3]_i_1_n_0 |                                                                             |                2 |              8 |
| ~clk_6p25MHz_BUFG                                                        |                                                                                |                                                                             |                4 |              8 |
|  clk_6p25MHz_BUFG                                                        | my_calculator/text_selector/output_inst/converter_inst/digit_mem[0][3]_i_1_n_0 |                                                                             |                2 |              8 |
|  clk_6p25MHz_BUFG                                                        | my_calculator/text_selector/output_inst/converter_inst/temp_div[15]_i_1_n_0    | my_calculator/text_selector/output_inst/converter_inst/temp_div[13]_i_1_n_0 |                2 |              8 |
|  clk_6p25MHz_BUFG                                                        |                                                                                | my_calculator/text_selector/input_inst/blink_counter[3]_i_1_n_0             |                1 |              8 |
|  clk_6p25MHz_BUFG                                                        | my_calculator/text_selector/output_inst/converter_inst/result[11]_i_1_n_0      |                                                                             |                4 |             10 |
|  clk_6p25MHz_BUFG                                                        | my_calculator/text_selector/output_inst/converter_inst/result[17]_i_1_n_0      |                                                                             |                4 |             10 |
|  clk_6p25MHz_BUFG                                                        | my_calculator/text_selector/output_inst/converter_inst/result[29]_i_1_n_0      |                                                                             |                4 |             10 |
|  clk_6p25MHz_BUFG                                                        | my_calculator/text_selector/output_inst/converter_inst/result[23]_i_1_n_0      |                                                                             |                4 |             10 |
|  clk_6p25MHz_BUFG                                                        | my_calculator/text_selector/output_inst/converter_inst/result[35]_i_1_n_0      |                                                                             |                3 |             10 |
|  clk_1kHz_BUFG                                                           | my_calculator/cursor_ctrl/buffer_mem_reg[1][0][0]                              | my_calculator/calc_engine/waiting_operand                                   |                2 |             10 |
|  clk_6p25MHz_BUFG                                                        | my_calculator/text_selector/output_inst/converter_inst/result[41]_i_1_n_0      |                                                                             |                5 |             10 |
|  clk_6p25MHz_BUFG                                                        | my_calculator/text_selector/output_inst/converter_inst/result[47]_i_1_n_0      |                                                                             |                2 |             10 |
|  clk_6p25MHz_BUFG                                                        | my_calculator/text_selector/output_inst/converter_inst/result[5]_i_1_n_0       |                                                                             |                4 |             10 |
|  clk_1kHz_BUFG                                                           | my_calculator/cursor_ctrl/buffer_mem_reg[5][0][0]                              | my_calculator/calc_engine/waiting_operand                                   |                3 |             10 |
|  clk_1kHz_BUFG                                                           | my_calculator/cursor_ctrl/buffer_mem_reg[3][0][0]                              | my_calculator/calc_engine/waiting_operand                                   |                2 |             10 |
|  clk_1kHz_BUFG                                                           | my_calculator/cursor_ctrl/buffer_mem_reg[7][0][0]                              | my_calculator/calc_engine/waiting_operand                                   |                3 |             10 |
|  clk_1kHz_BUFG                                                           | my_calculator/cursor_ctrl/buffer_mem_reg[6][0][0]                              | my_calculator/calc_engine/waiting_operand                                   |                3 |             10 |
|  clk_1kHz_BUFG                                                           | my_calculator/cursor_ctrl/buffer_mem_reg[4][0][0]                              | my_calculator/calc_engine/waiting_operand                                   |                3 |             10 |
|  clk_1kHz_BUFG                                                           | my_calculator/cursor_ctrl/E[0]                                                 | my_calculator/calc_engine/waiting_operand                                   |                2 |             10 |
|  clk_1kHz_BUFG                                                           | my_calculator/input_builder/event_dispatcher/dot_location[3]_i_1_n_0           | my_calculator/calc_engine/waiting_operand                                   |                2 |             10 |
|  clk_6p25MHz_BUFG                                                        | my_calculator/text_selector/input_inst/display_string[4]_i_1_n_0               |                                                                             |                2 |             10 |
|  clk_6p25MHz_BUFG                                                        | my_calculator/text_selector/input_inst/display_string[16]_i_1_n_0              |                                                                             |                2 |             10 |
|  clk_6p25MHz_BUFG                                                        | my_calculator/text_selector/input_inst/display_string[10]_i_1_n_0              |                                                                             |                4 |             10 |
|  clk_6p25MHz_BUFG                                                        | my_calculator/text_selector/input_inst/display_string[22]_i_1_n_0              |                                                                             |                2 |             10 |
|  clk_6p25MHz_BUFG                                                        | my_calculator/text_selector/input_inst/display_string[34]_i_1_n_0              |                                                                             |                2 |             10 |
|  clk_6p25MHz_BUFG                                                        | my_calculator/text_selector/input_inst/display_string[28]_i_1_n_0              |                                                                             |                2 |             10 |
|  clk_1kHz_BUFG                                                           | my_calculator/cursor_ctrl/counter[8]_i_2_n_0                                   | my_calculator/cursor_ctrl/counter[8]_i_1_n_0                                |                2 |             12 |
|  clk_1kHz_BUFG                                                           | my_calculator/cursor_ctrl/buffer_mem_reg[0][0][0]                              | my_calculator/calc_engine/waiting_operand                                   |                3 |             12 |
|  my_calculator/display_selector/keypad_inst/char_start_x_reg[5]_i_2_n_0  |                                                                                |                                                                             |                3 |             14 |
|  my_calculator/display_selector/keypad_inst/oled_data_reg[15]_i_2__0_n_0 |                                                                                |                                                                             |                3 |             14 |
|  clk_1kHz_BUFG                                                           | my_calculator/cursor_ctrl/debounce_C[7]_i_1_n_0                                |                                                                             |                4 |             16 |
|  clk_1kHz_BUFG                                                           | my_calculator/cursor_ctrl/debounce_D[7]_i_1_n_0                                |                                                                             |                3 |             16 |
|  clk_1kHz_BUFG                                                           | my_calculator/cursor_ctrl/debounce_R[7]_i_1_n_0                                |                                                                             |                3 |             16 |
|  clk_1kHz_BUFG                                                           | my_calculator/cursor_ctrl/debounce_U[7]_i_1_n_0                                |                                                                             |                3 |             16 |
|  clk_1kHz_BUFG                                                           | my_calculator/cursor_ctrl/total_chars_reg[0][0]                                | my_calculator/calc_engine/waiting_operand                                   |                4 |             16 |
|  clk_6p25MHz_BUFG                                                        | my_calculator/text_selector/output_inst/converter_inst/pos                     |                                                                             |                4 |             16 |
|  clk_1kHz_BUFG                                                           | my_calculator/cursor_ctrl/debounce_L[7]_i_1_n_0                                |                                                                             |                4 |             16 |
|  clk_6p25MHz_BUFG                                                        | my_calculator/text_selector/output_inst/converter_inst/temp_div[15]_i_1_n_0    |                                                                             |                8 |             24 |
| ~clk_6p25MHz_BUFG                                                        |                                                                                | second_display/frame_counter[16]_i_1__0_n_0                                 |                4 |             32 |
| ~clk_6p25MHz_BUFG                                                        |                                                                                | first_display/frame_counter[16]_i_1_n_0                                     |                4 |             32 |
| ~clk_6p25MHz_BUFG                                                        | second_display/delay[0]_i_1__0_n_0                                             |                                                                             |                5 |             40 |
| ~clk_6p25MHz_BUFG                                                        | first_display/delay[0]_i_1_n_0                                                 |                                                                             |                5 |             40 |
|  clk_6p25MHz_BUFG                                                        | my_calculator/text_selector/output_inst/converter_inst/neg_flag                |                                                                             |               14 |             62 |
|  clk_1kHz_BUFG                                                           | my_calculator/input_builder/event_dispatcher/divisor                           |                                                                             |               14 |             64 |
|  clk_1kHz_BUFG                                                           | my_calculator/calc_engine/overflow2__1_0                                       |                                                                             |               19 |             64 |
|  clk_1kHz_BUFG                                                           | my_calculator/input_builder/event_processor/FSM_onehot_phase_reg_n_0_[2]       |                                                                             |                8 |             64 |
|  clk_1kHz_BUFG                                                           | my_calculator/input_builder/event_dispatcher/value_accum                       |                                                                             |                8 |             64 |
|  basys_clock_IBUF_BUFG                                                   |                                                                                | clk_6p25MHz_gen/clear                                                       |                8 |             64 |
|  basys_clock_IBUF_BUFG                                                   |                                                                                | clk_1kHz_gen/COUNT[0]_i_1__0_n_0                                            |                8 |             64 |
| ~clk_6p25MHz_BUFG                                                        | first_display/state                                                            |                                                                             |                9 |             64 |
| ~clk_6p25MHz_BUFG                                                        | second_display/state                                                           |                                                                             |                9 |             64 |
|  clk_1kHz_BUFG                                                           |                                                                                |                                                                             |               17 |             70 |
|  clk_6p25MHz_BUFG                                                        |                                                                                |                                                                             |               20 |             72 |
|  clk_6p25MHz_BUFG                                                        | my_calculator/text_selector/input_inst/last_has_decimal_i_1_n_0                |                                                                             |                7 |             82 |
| ~clk_6p25MHz_BUFG                                                        |                                                                                | second_display/spi_word[39]_i_1__0_n_0                                      |               18 |             90 |
| ~clk_6p25MHz_BUFG                                                        |                                                                                | first_display/spi_word[39]_i_1_n_0                                          |               19 |             90 |
|  clk_1kHz_BUFG                                                           | my_calculator/input_builder/event_processor/fp_value_reg[31]_0                 |                                                                             |               37 |            130 |
+--------------------------------------------------------------------------+--------------------------------------------------------------------------------+-----------------------------------------------------------------------------+------------------+----------------+


